<?xml version="1.0" encoding="UTF-8"?>
<!-- Generated by org.testng.reporters.JUnitXMLReporter -->
<testsuite hostname="MITHUN-PC" ignored="0" name="FacebookLogin" tests="5" failures="1" timestamp="19 May 2019 09:57:24 GMT" time="96.814" errors="0">
  <testcase name="halfEbayLoginTest" time="0.31" classname="parameters.ParameterTest">
    <failure type="java.lang.IllegalStateException" message="The driver executable does not exist: D:\Testing_Documents\chromedriver.exe">
      <![CDATA[java.lang.IllegalStateException: The driver executable does not exist: D:\Testing_Documents\chromedriver.exe
at com.google.common.base.Preconditions.checkState(Preconditions.java:585)
at org.openqa.selenium.remote.service.DriverService.checkExecutable(DriverService.java:146)
at org.openqa.selenium.remote.service.DriverService.findExecutable(DriverService.java:141)
at org.openqa.selenium.chrome.ChromeDriverService.access$000(ChromeDriverService.java:35)
at org.openqa.selenium.chrome.ChromeDriverService$Builder.findDefaultExecutable(ChromeDriverService.java:159)
at org.openqa.selenium.remote.service.DriverService$Builder.build(DriverService.java:355)
at org.openqa.selenium.chrome.ChromeDriverService.createDefaultService(ChromeDriverService.java:94)
at org.openqa.selenium.chrome.ChromeDriver.<init>(ChromeDriver.java:123)
at parameters.ParameterTest.halfEbayLoginTest(ParameterTest.java:19)
... Removed 25 stack frames]]>
    </failure>
  </testcase> <!-- halfEbayLoginTest -->
  <testcase name="ebayRegistration" time="2.452" classname="dataProvider.HalfEbayTest"/>
  <testcase name="ebayRegistration" time="3.374" classname="dataProvider.HalfEbayTest"/>
  <testcase name="ebayRegistration" time="16.988" classname="dataProvider.HalfEbayTest"/>
  <testcase name="ebayRegistration" time="8.736" classname="dataProvider.HalfEbayTest"/>
</testsuite> <!-- FacebookLogin -->
